<?xml version="1.0" encoding="UTF-8"?>
<!-- Generated by org.testng.reporters.JUnitReportReporter -->
<testsuite hostname="Prashanth" failures="0" tests="1" name="cucumberOptions.TestNGRunner" time="0.061" errors="1" timestamp="2023-11-12T16:41:08 IST" skipped="0">
  <testcase classname="cucumberOptions.TestNGRunner" name="runScenario" time="0.061">
    <error message="TODO: implement me" type="io.cucumber.java.PendingException">
      <![CDATA[io.cucumber.java.PendingException: TODO: implement me
at stepDefinitions.LocatorValidations.enter_user_name_and_password(LocatorValidations.java:17)
at âœ½.enter user name and password(file:///C:/Users/hssri/GitX/SeleniumFrameworkDesign/src/test/java/features/Locators.feature:9)
]]>
    </error>
  </testcase> <!-- runScenario -->
</testsuite> <!-- cucumberOptions.TestNGRunner -->
