<?xml version="1.0" encoding="UTF-8"?>
<!-- Generated by org.testng.reporters.JUnitXMLReporter -->
<testsuite ignored="0" hostname="Prashanth" failures="1" tests="1" name="Default test" time="0.572" errors="0" timestamp="2023-11-12T16:41:08 IST">
  <testcase classname="io.cucumber.testng.AbstractTestNGCucumberTests" name="runScenario" time="0.061">
    <failure type="io.cucumber.java.PendingException" message="TODO: implement me">
      <![CDATA[io.cucumber.java.PendingException: TODO: implement me
at stepDefinitions.LocatorValidations.enter_user_name_and_password(LocatorValidations.java:17)
at âœ½.enter user name and password(file:///C:/Users/hssri/GitX/SeleniumFrameworkDesign/src/test/java/features/Locators.feature:9)
]]>
    </failure>
  </testcase> <!-- runScenario -->
</testsuite> <!-- Default test -->
